[23:43:22] [Client thread/INFO]: Setting user: Player734
[23:43:25] [Client thread/INFO]: LWJGL Version: 2.9.4
[23:43:28] [Client thread/INFO]: Reloading ResourceManager: Default, FMLFileResourcePack:Forge Mod Loader, FMLFileResourcePack:Minecraft Forge, FMLFileResourcePack:ForgeMod
[23:43:28] [Sound Library Loader/INFO]: Starting up SoundSystem...
[23:43:29] [Thread-9/INFO]: Initializing LWJGL OpenAL
[23:43:29] [Thread-9/INFO]: (The LWJGL binding of OpenAL.  For more information, see http://www.lwjgl.org)
[23:43:29] [Thread-9/INFO]: OpenAL initialized.
[23:43:29] [Sound Library Loader/INFO]: Sound engine started
[23:43:33] [Client thread/INFO]: Created: 16x16 textures-atlas
[23:43:34] [Client thread/INFO]: Reloading ResourceManager: Default, FMLFileResourcePack:Forge Mod Loader, FMLFileResourcePack:Minecraft Forge, FMLFileResourcePack:ForgeMod
[23:43:34] [Client thread/INFO]: SoundSystem shutting down...
[23:43:34] [Client thread/WARN]: Author: Paul Lamb, www.paulscode.com
[23:43:34] [Sound Library Loader/INFO]: Starting up SoundSystem...
[23:43:34] [Thread-11/INFO]: Initializing LWJGL OpenAL
[23:43:34] [Thread-11/INFO]: (The LWJGL binding of OpenAL.  For more information, see http://www.lwjgl.org)
[23:43:34] [Thread-11/INFO]: OpenAL initialized.
[23:43:34] [Sound Library Loader/INFO]: Sound engine started
[23:43:37] [Client thread/INFO]: Created: 512x512 textures-atlas
[23:44:24] [Client thread/INFO]: Stopping!
[23:44:24] [Client thread/INFO]: SoundSystem shutting down...
[23:44:24] [Client thread/WARN]: Author: Paul Lamb, www.paulscode.com
